<?xml version="1.0" encoding="UTF-8"?>
<!-- Generated by org.testng.reporters.JUnitXMLReporter -->
<testsuite ignored="2" hostname="DESKTOP-FUGQNF4" failures="0" tests="2" name="Test-Runner1" time="61.894" errors="0" timestamp="2023-01-12T13:03:43 IST">
  <testcase classname="com.LifeInsurance.GenericUtilities.BaseClass" name="@BeforeClass configBc" time="52.035">
    <failure type="org.openqa.selenium.WebDriverException" message="Reached error page: about:neterror?e=dnsNotFound&amp;amp;u=http%3A//rmgtestingserver/domain/Life_Insurance_Management_System/index.php&amp;amp;c=UTF-8&amp;amp;d=We%20can%E2%80%99t%20connect%20to%20the%20server%20at%20rmgtestingserver.
Build info: version: &amp;apos;4.1.2&amp;apos;, revision: &amp;apos;9a5a329c5a&amp;apos;
System info: host: &amp;apos;DESKTOP-FUGQNF4&amp;apos;, ip: &amp;apos;192.168.0.240&amp;apos;, os.name: &amp;apos;Windows 10&amp;apos;, os.arch: &amp;apos;amd64&amp;apos;, os.version: &amp;apos;10.0&amp;apos;, java.version: &amp;apos;16.0.1&amp;apos;
Driver info: org.openqa.selenium.firefox.FirefoxDriver
Command: [4dac3e7b-0aa6-4c95-a280-39eb12217154, get {url=http://rmgtestingserver/domain/Life_Insurance_Management_System/index.php}]
Capabilities {acceptInsecureCerts: true, browserName: firefox, browserVersion: 108.0.1, javascriptEnabled: true, moz:accessibilityChecks: false, moz:buildID: 20221215175817, moz:debuggerAddress: 127.0.0.1:56300, moz:geckodriverVersion: 0.31.0, moz:headless: false, moz:platformVersion: 10.0, moz:processID: 9912, moz:profile: C:\Users\ADMINI~1\AppData\L..., moz:shutdownTimeout: 60000, moz:useNonSpecCompliantPointerOrigin: false, moz:webdriverClick: true, moz:windowless: false, pageLoadStrategy: normal, platform: WINDOWS, platformName: WINDOWS, proxy: Proxy(), se:cdp: ws://127.0.0.1:56300/devtoo..., se:cdpVersion: 85.0, setWindowRect: true, strictFileInteractability: false, timeouts: {implicit: 0, pageLoad: 300000, script: 30000}, unhandledPromptBehavior: dismiss and notify}
Session ID: 4dac3e7b-0aa6-4c95-a280-39eb12217154">
      <![CDATA[org.openqa.selenium.WebDriverException: Reached error page: about:neterror?e=dnsNotFound&u=http%3A//rmgtestingserver/domain/Life_Insurance_Management_System/index.php&c=UTF-8&d=We%20can%E2%80%99t%20connect%20to%20the%20server%20at%20rmgtestingserver.
Build info: version: '4.1.2', revision: '9a5a329c5a'
System info: host: 'DESKTOP-FUGQNF4', ip: '192.168.0.240', os.name: 'Windows 10', os.arch: 'amd64', os.version: '10.0', java.version: '16.0.1'
Driver info: org.openqa.selenium.firefox.FirefoxDriver
Command: [4dac3e7b-0aa6-4c95-a280-39eb12217154, get {url=http://rmgtestingserver/domain/Life_Insurance_Management_System/index.php}]
Capabilities {acceptInsecureCerts: true, browserName: firefox, browserVersion: 108.0.1, javascriptEnabled: true, moz:accessibilityChecks: false, moz:buildID: 20221215175817, moz:debuggerAddress: 127.0.0.1:56300, moz:geckodriverVersion: 0.31.0, moz:headless: false, moz:platformVersion: 10.0, moz:processID: 9912, moz:profile: C:\Users\ADMINI~1\AppData\L..., moz:shutdownTimeout: 60000, moz:useNonSpecCompliantPointerOrigin: false, moz:webdriverClick: true, moz:windowless: false, pageLoadStrategy: normal, platform: WINDOWS, platformName: WINDOWS, proxy: Proxy(), se:cdp: ws://127.0.0.1:56300/devtoo..., se:cdpVersion: 85.0, setWindowRect: true, strictFileInteractability: false, timeouts: {implicit: 0, pageLoad: 300000, script: 30000}, unhandledPromptBehavior: dismiss and notify}
Session ID: 4dac3e7b-0aa6-4c95-a280-39eb12217154
at org.openqa.selenium.remote.codec.w3c.W3CHttpResponseCodec.createException(W3CHttpResponseCodec.java:200)
at org.openqa.selenium.remote.codec.w3c.W3CHttpResponseCodec.decode(W3CHttpResponseCodec.java:133)
at org.openqa.selenium.remote.codec.w3c.W3CHttpResponseCodec.decode(W3CHttpResponseCodec.java:53)
at org.openqa.selenium.remote.HttpCommandExecutor.execute(HttpCommandExecutor.java:184)
at org.openqa.selenium.remote.service.DriverCommandExecutor.invokeExecute(DriverCommandExecutor.java:167)
at org.openqa.selenium.remote.service.DriverCommandExecutor.execute(DriverCommandExecutor.java:142)
at org.openqa.selenium.remote.RemoteWebDriver.execute(RemoteWebDriver.java:558)
at org.openqa.selenium.remote.RemoteWebDriver.get(RemoteWebDriver.java:327)
at com.LifeInsurance.GenericUtilities.BaseClass.configBc(BaseClass.java:58)
at java.base/java.util.ArrayList.forEach(ArrayList.java:1511)
at java.base/java.util.concurrent.FutureTask.run(FutureTask.java:264)
at java.base/java.util.concurrent.ThreadPoolExecutor.runWorker(ThreadPoolExecutor.java:1130)
at java.base/java.util.concurrent.ThreadPoolExecutor$Worker.run(ThreadPoolExecutor.java:630)
at java.base/java.lang.Thread.run(Thread.java:831)
... Removed 21 stack frames]]>
    </failure>
  </testcase> <!-- @BeforeClass configBc -->
  <testcase classname="com.LifeInsurance.GenericUtilities.BaseClass" name="@BeforeMethod configBM" time="-1.673508813145E9">
    <skipped/>
  </testcase> <!-- @BeforeMethod configBM -->
  <testcase classname="com.LifeInsurance.GenericUtilities.BaseClass" name="@AfterMethod configAM" time="-1.673508813163E9">
    <skipped/>
  </testcase> <!-- @AfterMethod configAM -->
  <testcase classname="com.LifeInsurance.GenericUtilities.BaseClass" name="@AfterClass configAC" time="-1.673508813168E9">
    <skipped/>
  </testcase> <!-- @AfterClass configAC -->
  <testcase classname="com.insurance.lifeInsurance.testscript.Nominee_EditNominee_Annotation_Test" name="editNominee" time="5.07"/>
  <testcase classname="com.insurance.lifeInsurance.testscript.Client_AddClient_Annotation_Test" name="addClient" time="34.753"/>
  <testcase classname="com.LifeInsurance.GenericUtilities.BaseClass" name="@BeforeSuite configDB" time="0.0">
    <ignored/>
  </testcase> <!-- @BeforeSuite configDB -->
  <testcase classname="com.LifeInsurance.GenericUtilities.BaseClass" name="@AfterSuite disconnectDB" time="0.0">
    <ignored/>
  </testcase> <!-- @AfterSuite disconnectDB -->
</testsuite> <!-- Test-Runner1 -->
