<?xml version="1.0" encoding="UTF-8"?>
<!-- Generated by org.testng.reporters.JUnitReportReporter -->
<testsuite hostname="DESKTOP-FUGQNF4" failures="0" tests="1" name="com.PracticePackage.SampleTestNG3" time="0.018" errors="0" timestamp="2023-01-10T14:10:39 IST" skipped="0">
  <testcase classname="com.PracticePackage.SampleTestNG3" name="simple6" time="0.018"/>
  <system-out/>
</testsuite> <!-- com.PracticePackage.SampleTestNG3 -->
