<?xml version="1.0" encoding="UTF-8"?>
<!-- Generated by org.testng.reporters.JUnitReportReporter -->
<testsuite hostname="DESKTOP-FUGQNF4" failures="0" tests="1" name="com.PracticePackage.SampleTestNG2" time="0.009" errors="0" timestamp="2023-01-10T14:10:39 IST" skipped="0">
  <testcase classname="com.PracticePackage.SampleTestNG2" name="simple3" time="0.009"/>
  <system-out/>
</testsuite> <!-- com.PracticePackage.SampleTestNG2 -->
