<?xml version="1.0" encoding="UTF-8"?>
<!-- Generated by org.testng.reporters.JUnitReportReporter -->
<testsuite hostname="DESKTOP-FUGQNF4" failures="0" tests="1" name="SampleTest.NewTest" time="0.013" errors="0" timestamp="2023-01-06T12:37:39 IST" skipped="0">
  <testcase classname="SampleTest.NewTest" name="f" time="0.013"/>
  <system-out/>
</testsuite> <!-- SampleTest.NewTest -->
