<?xml version="1.0" encoding="UTF-8"?>
<!-- Generated by org.testng.reporters.JUnitReportReporter -->
<testsuite hostname="DESKTOP-FUGQNF4" failures="0" tests="2" name="com.PracticePackage.DiffAnnotations" time="0.018" errors="0" timestamp="2023-01-09T14:41:55 IST" skipped="0">
  <testcase classname="com.PracticePackage.DiffAnnotations" name="intro" time="0.012"/>
  <system-out/>
  <testcase classname="com.PracticePackage.DiffAnnotations" name="display" time="0.006"/>
  <system-out/>
</testsuite> <!-- com.PracticePackage.DiffAnnotations -->
