<?xml version="1.0" encoding="UTF-8"?>
<!-- Generated by org.testng.reporters.JUnitReportReporter -->
<testsuite hostname="DESKTOP-FUGQNF4" failures="0" tests="2" name="com.PracticePackage.SampleTestNG4" time="0.019" errors="0" timestamp="2023-01-10T14:10:39 IST" skipped="0">
  <testcase classname="com.PracticePackage.SampleTestNG4" name="simple7" time="0.003"/>
  <system-out/>
  <testcase classname="com.PracticePackage.SampleTestNG4" name="simple8" time="0.016"/>
  <system-out/>
</testsuite> <!-- com.PracticePackage.SampleTestNG4 -->
