<?xml version="1.0" encoding="UTF-8"?>
<!-- Generated by org.testng.reporters.JUnitReportReporter -->
<testsuite hostname="DESKTOP-FUGQNF4" failures="0" tests="4" name="com.PracticePackage.DataProviderTest" time="0.016" errors="0" timestamp="2023-01-09T12:08:20 IST" skipped="0">
  <testcase classname="com.PracticePackage.DataProviderTest" name="readData" time="0.004"/>
  <system-out/>
  <testcase classname="com.PracticePackage.DataProviderTest" name="readData" time="0.003"/>
  <system-out/>
  <testcase classname="com.PracticePackage.DataProviderTest" name="readData" time="0.002"/>
  <system-out/>
  <testcase classname="com.PracticePackage.DataProviderTest" name="readData" time="0.007"/>
  <system-out/>
</testsuite> <!-- com.PracticePackage.DataProviderTest -->
