<?xml version="1.0" encoding="UTF-8"?>
<!-- Generated by org.testng.reporters.JUnitReportReporter -->
<testsuite hostname="DESKTOP-FUGQNF4" failures="0" tests="2" name="com.PracticePackage.SampleTestNG1" time="0.022" errors="0" timestamp="2023-01-10T14:10:39 IST" skipped="0">
  <testcase classname="com.PracticePackage.SampleTestNG1" name="simple1" time="0.018"/>
  <system-out/>
  <testcase classname="com.PracticePackage.SampleTestNG1" name="simple2" time="0.004"/>
  <system-out/>
</testsuite> <!-- com.PracticePackage.SampleTestNG1 -->
