<?xml version="1.0" encoding="UTF-8"?>
<!-- Generated by org.testng.reporters.JUnitReportReporter -->
<testsuite hostname="DESKTOP-FUGQNF4" failures="0" tests="2" name="SampleTest.SamTest1" time="0.017" errors="0" timestamp="2023-01-06T12:44:40 IST" skipped="0">
  <testcase classname="SampleTest.SamTest1" name="update" time="0.004"/>
  <system-out/>
  <testcase classname="SampleTest.SamTest1" name="create" time="0.013"/>
  <system-out/>
</testsuite> <!-- SampleTest.SamTest1 -->
